#
# There is insufficient memory for the Java Runtime Environment to continue.
# Native memory allocation (malloc) failed to allocate 522912 bytes for Chunk::new
# Possible reasons:
#   The system is out of physical RAM or swap space
#   The process is running with CompressedOops enabled, and the Java Heap may be blocking the growth of the native heap
# Possible solutions:
#   Reduce memory load on the system
#   Increase physical memory or swap space
#   Check if swap backing store is full
#   Decrease Java heap size (-Xmx/-Xms)
#   Decrease number of Java threads
#   Decrease Java thread stack sizes (-Xss)
#   Set larger code cache with -XX:ReservedCodeCacheSize=
#   JVM is running with Zero Based Compressed Oops mode in which the Java heap is
#     placed in the first 32GB address space. The Java Heap base address is the
#     maximum limit for the native heap growth. Please use -XX:HeapBaseMinAddress
#     to set the Java Heap base and to place the Java Heap above 32GB virtual address.
# This output file may be truncated or incomplete.
#
#  Out of Memory Error (arena.cpp:184), pid=15040, tid=22696
#
# JRE version: Java(TM) SE Runtime Environment (18.0+36) (build 18+36-2087)
# Java VM: Java HotSpot(TM) 64-Bit Server VM (18+36-2087, mixed mode, sharing, tiered, compressed oops, compressed class ptrs, g1 gc, windows-amd64)
# No core dump will be written. Minidumps are not enabled by default on client versions of Windows
#

---------------  S U M M A R Y ------------

Command Line: -javaagent:D:\Program Files\JetBrains\IntelliJ IDEA Community Edition 2022.1\lib\idea_rt.jar=57034:D:\Program Files\JetBrains\IntelliJ IDEA Community Edition 2022.1\bin -Dfile.encoding=UTF-8 com.tkinaba.solr.cruddemo.CruddemoApplication

Host: AMD Ryzen 5 3600X 6-Core Processor             , 12 cores, 15G,  Windows 10 , 64 bit Build 19041 (10.0.19041.2913)
Time: Tue Jun 13 19:44:44 2023 E. South America Standard Time elapsed time: 1.001859 seconds (0d 0h 0m 1s)

---------------  T H R E A D  ---------------

Current thread (0x000002ae50346bf0):  JavaThread "C2 CompilerThread2" daemon [_thread_in_native, id=22696, stack(0x000000be7cb00000,0x000000be7cc00000)]


Current CompileTask:
C2:   1001 2165       4       java.util.HashSet::add (20 bytes)

Stack: [0x000000be7cb00000,0x000000be7cc00000]
Native frames: (J=compiled Java code, j=interpreted, Vv=VM code, C=native code)
V  [jvm.dll+0x69804a]
V  [jvm.dll+0x7f308d]
V  [jvm.dll+0x7f499e]
V  [jvm.dll+0x7f5053]
V  [jvm.dll+0x25ca3f]
V  [jvm.dll+0xb8c2f]
V  [jvm.dll+0xb8fa5]
V  [jvm.dll+0x385a6b]
V  [jvm.dll+0x34f811]
V  [jvm.dll+0x34ecaa]
V  [jvm.dll+0x22fc21]
V  [jvm.dll+0x22eff1]
V  [jvm.dll+0x1b9cfc]
V  [jvm.dll+0x23e8ca]
V  [jvm.dll+0x23cbac]
V  [jvm.dll+0x7a5781]
V  [jvm.dll+0x79fbba]
V  [jvm.dll+0x696ef5]
C  [ucrtbase.dll+0x21bb2]
C  [KERNEL32.DLL+0x17614]
C  [ntdll.dll+0x526a1]


---------------  P R O C E S S  ---------------

Threads class SMR info:
_java_thread_list=0x000002ae55fa90c0, length=17, elements={
0x000002ae2d0eb7a0, 0x000002ae50315250, 0x000002ae50316ec0, 0x000002ae5032e420,
0x000002ae5032fce0, 0x000002ae50330680, 0x000002ae50331020, 0x000002ae50334a40,
0x000002ae50349470, 0x000002ae50356290, 0x000002ae545666e0, 0x000002ae503466e0,
0x000002ae546dae90, 0x000002ae548fe780, 0x000002ae54d14360, 0x000002ae54d150c0,
0x000002ae50346bf0
}

Java Threads: ( => current thread )
  0x000002ae2d0eb7a0 JavaThread "main" [_thread_blocked, id=27312, stack(0x000000be7af00000,0x000000be7b000000)]
  0x000002ae50315250 JavaThread "Reference Handler" daemon [_thread_blocked, id=23316, stack(0x000000be7b600000,0x000000be7b700000)]
  0x000002ae50316ec0 JavaThread "Finalizer" daemon [_thread_blocked, id=5908, stack(0x000000be7b700000,0x000000be7b800000)]
  0x000002ae5032e420 JavaThread "Signal Dispatcher" daemon [_thread_blocked, id=19316, stack(0x000000be7b800000,0x000000be7b900000)]
  0x000002ae5032fce0 JavaThread "Attach Listener" daemon [_thread_blocked, id=25420, stack(0x000000be7b900000,0x000000be7ba00000)]
  0x000002ae50330680 JavaThread "Service Thread" daemon [_thread_blocked, id=17564, stack(0x000000be7ba00000,0x000000be7bb00000)]
  0x000002ae50331020 JavaThread "Monitor Deflation Thread" daemon [_thread_blocked, id=22548, stack(0x000000be7bb00000,0x000000be7bc00000)]
  0x000002ae50334a40 JavaThread "C2 CompilerThread0" daemon [_thread_in_native, id=7328, stack(0x000000be7bc00000,0x000000be7bd00000)]
  0x000002ae50349470 JavaThread "C1 CompilerThread0" daemon [_thread_in_native, id=26888, stack(0x000000be7bd00000,0x000000be7be00000)]
  0x000002ae50356290 JavaThread "Sweeper thread" daemon [_thread_blocked, id=23420, stack(0x000000be7be00000,0x000000be7bf00000)]
  0x000002ae545666e0 JavaThread "Common-Cleaner" daemon [_thread_blocked, id=26448, stack(0x000000be7bf00000,0x000000be7c000000)]
  0x000002ae503466e0 JavaThread "C2 CompilerThread1" daemon [_thread_in_native, id=27532, stack(0x000000be7c000000,0x000000be7c100000)]
  0x000002ae546dae90 JavaThread "Monitor Ctrl-Break" daemon [_thread_in_native, id=27380, stack(0x000000be7c100000,0x000000be7c200000)]
  0x000002ae548fe780 JavaThread "Notification Thread" daemon [_thread_blocked, id=25308, stack(0x000000be7c200000,0x000000be7c300000)]
  0x000002ae54d14360 JavaThread "Thread-0" [_thread_blocked, id=24312, stack(0x000000be7c400000,0x000000be7c500000)]
  0x000002ae54d150c0 JavaThread "restartedMain" [_thread_in_Java, id=20852, stack(0x000000be7c500000,0x000000be7c600000)]
=>0x000002ae50346bf0 JavaThread "C2 CompilerThread2" daemon [_thread_in_native, id=22696, stack(0x000000be7cb00000,0x000000be7cc00000)]

Other Threads:
  0x000002ae2d1757e0 VMThread "VM Thread" [stack: 0x000000be7b500000,0x000000be7b600000] [id=24308]
  0x000002ae5480ec90 WatcherThread "VM Periodic Task Thread" [stack: 0x000000be7c300000,0x000000be7c400000] [id=27560]
  0x000002ae2d15c1c0 WorkerThread "GC Thread#0" [stack: 0x000000be7b000000,0x000000be7b100000] [id=25608]
  0x000002ae54b658e0 WorkerThread "GC Thread#1" [stack: 0x000000be7c600000,0x000000be7c700000] [id=22944]
  0x000002ae54b65b80 WorkerThread "GC Thread#2" [stack: 0x000000be7c700000,0x000000be7c800000] [id=16416]
  0x000002ae55264d20 WorkerThread "GC Thread#3" [stack: 0x000000be7c800000,0x000000be7c900000] [id=25868]
  0x000002ae55264fc0 WorkerThread "GC Thread#4" [stack: 0x000000be7c900000,0x000000be7ca00000] [id=22560]
  0x000002ae55265260 WorkerThread "GC Thread#5" [stack: 0x000000be7ca00000,0x000000be7cb00000] [id=25892]
  0x000002ae556d8090 WorkerThread "GC Thread#6" [stack: 0x000000be7cc00000,0x000000be7cd00000] [id=23196]
  0x000002ae556d1580 WorkerThread "GC Thread#7" [stack: 0x000000be7cd00000,0x000000be7ce00000] [id=18720]
  0x000002ae55460c50 WorkerThread "GC Thread#8" [stack: 0x000000be7ce00000,0x000000be7cf00000] [id=23072]
  0x000002ae55365520 WorkerThread "GC Thread#9" [stack: 0x000000be7cf00000,0x000000be7d000000] [id=27468]
  0x000002ae2d16f050 ConcurrentGCThread "G1 Main Marker" [stack: 0x000000be7b100000,0x000000be7b200000] [id=27604]
  0x000002ae2d1701e0 WorkerThread "G1 Conc#0" [stack: 0x000000be7b200000,0x000000be7b300000] [id=25340]
  0x000002ae501ca150 ConcurrentGCThread "G1 Refine#0" [stack: 0x000000be7b300000,0x000000be7b400000] [id=24120]
  0x000002ae501ca970 ConcurrentGCThread "G1 Service" [stack: 0x000000be7b400000,0x000000be7b500000] [id=25504]

Threads with active compile tasks:
C2 CompilerThread0     1021 1988   !   4       java.net.URL::<init> (543 bytes)
C1 CompilerThread0     1021 2280       3       org.springframework.core.io.AbstractResource::<init> (5 bytes)
C2 CompilerThread1     1021 2259       4       jdk.internal.jimage.BasicImageReader::verifyLocation (39 bytes)
C2 CompilerThread2     1021 2165       4       java.util.HashSet::add (20 bytes)

VM state: not at safepoint (normal execution)

VM Mutex/Monitor currently owned by a thread: None

Heap address: 0x0000000700c00000, size: 4084 MB, Compressed Oops mode: Zero based, Oop shift amount: 3

CDS archive(s) mapped at: [0x0000000800000000-0x0000000800ba0000-0x0000000800ba0000), size 12189696, SharedBaseAddress: 0x0000000800000000, ArchiveRelocationMode: 0.
Compressed class space mapped at: 0x0000000800c00000-0x0000000840c00000, reserved size: 1073741824
Narrow klass base: 0x0000000800000000, Narrow klass shift: 0, Narrow klass range: 0x100000000

GC Precious Log:
 CardTable entry size: 512
 Card Set container configuration: InlinePtr #cards 4 size 8 Array Of Cards #cards 16 size 48 Howl #buckets 8 coarsen threshold 3686 Howl Bitmap #cards 512 size 80 coarsen threshold 460 Card regions per heap region 1 cards per card region 4096
 CPUs: 12 total, 12 available
 Memory: 16328M
 Large Page Support: Disabled
 NUMA Support: Disabled
 Compressed Oops: Enabled (Zero based)
 Heap Region Size: 2M
 Heap Min Capacity: 8M
 Heap Initial Capacity: 256M
 Heap Max Capacity: 4084M
 Pre-touch: Disabled
 Parallel Workers: 10
 Concurrent Workers: 3
 Concurrent Refinement Workers: 10
 Periodic GC: Disabled

Heap:
 garbage-first heap   total 262144K, used 24019K [0x0000000700c00000, 0x0000000800000000)
  region size 2048K, 11 young (22528K), 2 survivors (4096K)
 Metaspace       used 16128K, committed 16384K, reserved 1114112K
  class space    used 1954K, committed 2112K, reserved 1048576K

Heap Regions: E=young(eden), S=young(survivor), O=old, HS=humongous(starts), HC=humongous(continues), CS=collection set, F=free, OA=open archive, CA=closed archive, TAMS=top-at-mark-start (previous, next)
|   0|0x0000000700c00000, 0x0000000700e00000, 0x0000000700e00000|100%| O|  |TAMS 0x0000000700c00000, 0x0000000700c00000| Untracked 
|   1|0x0000000700e00000, 0x0000000701000000, 0x0000000701000000|100%| O|  |TAMS 0x0000000700e00000, 0x0000000700e00000| Untracked 
|   2|0x0000000701000000, 0x00000007010ee400, 0x0000000701200000| 46%| O|  |TAMS 0x0000000701000000, 0x0000000701000000| Untracked 
|   3|0x0000000701200000, 0x0000000701200000, 0x0000000701400000|  0%| F|  |TAMS 0x0000000701200000, 0x0000000701200000| Untracked 
|   4|0x0000000701400000, 0x0000000701400000, 0x0000000701600000|  0%| F|  |TAMS 0x0000000701400000, 0x0000000701400000| Untracked 
|   5|0x0000000701600000, 0x0000000701600000, 0x0000000701800000|  0%| F|  |TAMS 0x0000000701600000, 0x0000000701600000| Untracked 
|   6|0x0000000701800000, 0x0000000701800000, 0x0000000701a00000|  0%| F|  |TAMS 0x0000000701800000, 0x0000000701800000| Untracked 
|   7|0x0000000701a00000, 0x0000000701a00000, 0x0000000701c00000|  0%| F|  |TAMS 0x0000000701a00000, 0x0000000701a00000| Untracked 
|   8|0x0000000701c00000, 0x0000000701c00000, 0x0000000701e00000|  0%| F|  |TAMS 0x0000000701c00000, 0x0000000701c00000| Untracked 
|   9|0x0000000701e00000, 0x0000000701e00000, 0x0000000702000000|  0%| F|  |TAMS 0x0000000701e00000, 0x0000000701e00000| Untracked 
|  10|0x0000000702000000, 0x0000000702000000, 0x0000000702200000|  0%| F|  |TAMS 0x0000000702000000, 0x0000000702000000| Untracked 
|  11|0x0000000702200000, 0x0000000702200000, 0x0000000702400000|  0%| F|  |TAMS 0x0000000702200000, 0x0000000702200000| Untracked 
|  12|0x0000000702400000, 0x0000000702400000, 0x0000000702600000|  0%| F|  |TAMS 0x0000000702400000, 0x0000000702400000| Untracked 
|  13|0x0000000702600000, 0x0000000702600000, 0x0000000702800000|  0%| F|  |TAMS 0x0000000702600000, 0x0000000702600000| Untracked 
|  14|0x0000000702800000, 0x0000000702800000, 0x0000000702a00000|  0%| F|  |TAMS 0x0000000702800000, 0x0000000702800000| Untracked 
|  15|0x0000000702a00000, 0x0000000702a00000, 0x0000000702c00000|  0%| F|  |TAMS 0x0000000702a00000, 0x0000000702a00000| Untracked 
|  16|0x0000000702c00000, 0x0000000702c00000, 0x0000000702e00000|  0%| F|  |TAMS 0x0000000702c00000, 0x0000000702c00000| Untracked 
|  17|0x0000000702e00000, 0x0000000702e00000, 0x0000000703000000|  0%| F|  |TAMS 0x0000000702e00000, 0x0000000702e00000| Untracked 
|  18|0x0000000703000000, 0x0000000703000000, 0x0000000703200000|  0%| F|  |TAMS 0x0000000703000000, 0x0000000703000000| Untracked 
|  19|0x0000000703200000, 0x0000000703200000, 0x0000000703400000|  0%| F|  |TAMS 0x0000000703200000, 0x0000000703200000| Untracked 
|  20|0x0000000703400000, 0x0000000703400000, 0x0000000703600000|  0%| F|  |TAMS 0x0000000703400000, 0x0000000703400000| Untracked 
|  21|0x0000000703600000, 0x0000000703600000, 0x0000000703800000|  0%| F|  |TAMS 0x0000000703600000, 0x0000000703600000| Untracked 
|  22|0x0000000703800000, 0x0000000703800000, 0x0000000703a00000|  0%| F|  |TAMS 0x0000000703800000, 0x0000000703800000| Untracked 
|  23|0x0000000703a00000, 0x0000000703a00000, 0x0000000703c00000|  0%| F|  |TAMS 0x0000000703a00000, 0x0000000703a00000| Untracked 
|  24|0x0000000703c00000, 0x0000000703c00000, 0x0000000703e00000|  0%| F|  |TAMS 0x0000000703c00000, 0x0000000703c00000| Untracked 
|  25|0x0000000703e00000, 0x0000000703e00000, 0x0000000704000000|  0%| F|  |TAMS 0x0000000703e00000, 0x0000000703e00000| Untracked 
|  26|0x0000000704000000, 0x0000000704000000, 0x0000000704200000|  0%| F|  |TAMS 0x0000000704000000, 0x0000000704000000| Untracked 
|  27|0x0000000704200000, 0x0000000704200000, 0x0000000704400000|  0%| F|  |TAMS 0x0000000704200000, 0x0000000704200000| Untracked 
|  28|0x0000000704400000, 0x0000000704400000, 0x0000000704600000|  0%| F|  |TAMS 0x0000000704400000, 0x0000000704400000| Untracked 
|  29|0x0000000704600000, 0x0000000704600000, 0x0000000704800000|  0%| F|  |TAMS 0x0000000704600000, 0x0000000704600000| Untracked 
|  30|0x0000000704800000, 0x0000000704800000, 0x0000000704a00000|  0%| F|  |TAMS 0x0000000704800000, 0x0000000704800000| Untracked 
|  31|0x0000000704a00000, 0x0000000704a00000, 0x0000000704c00000|  0%| F|  |TAMS 0x0000000704a00000, 0x0000000704a00000| Untracked 
|  32|0x0000000704c00000, 0x0000000704c00000, 0x0000000704e00000|  0%| F|  |TAMS 0x0000000704c00000, 0x0000000704c00000| Untracked 
|  33|0x0000000704e00000, 0x0000000704e00000, 0x0000000705000000|  0%| F|  |TAMS 0x0000000704e00000, 0x0000000704e00000| Untracked 
|  34|0x0000000705000000, 0x0000000705000000, 0x0000000705200000|  0%| F|  |TAMS 0x0000000705000000, 0x0000000705000000| Untracked 
|  35|0x0000000705200000, 0x0000000705200000, 0x0000000705400000|  0%| F|  |TAMS 0x0000000705200000, 0x0000000705200000| Untracked 
|  36|0x0000000705400000, 0x0000000705400000, 0x0000000705600000|  0%| F|  |TAMS 0x0000000705400000, 0x0000000705400000| Untracked 
|  37|0x0000000705600000, 0x0000000705600000, 0x0000000705800000|  0%| F|  |TAMS 0x0000000705600000, 0x0000000705600000| Untracked 
|  38|0x0000000705800000, 0x0000000705800000, 0x0000000705a00000|  0%| F|  |TAMS 0x0000000705800000, 0x0000000705800000| Untracked 
|  39|0x0000000705a00000, 0x0000000705a00000, 0x0000000705c00000|  0%| F|  |TAMS 0x0000000705a00000, 0x0000000705a00000| Untracked 
|  40|0x0000000705c00000, 0x0000000705c00000, 0x0000000705e00000|  0%| F|  |TAMS 0x0000000705c00000, 0x0000000705c00000| Untracked 
|  41|0x0000000705e00000, 0x0000000705e00000, 0x0000000706000000|  0%| F|  |TAMS 0x0000000705e00000, 0x0000000705e00000| Untracked 
|  42|0x0000000706000000, 0x0000000706000000, 0x0000000706200000|  0%| F|  |TAMS 0x0000000706000000, 0x0000000706000000| Untracked 
|  43|0x0000000706200000, 0x0000000706200000, 0x0000000706400000|  0%| F|  |TAMS 0x0000000706200000, 0x0000000706200000| Untracked 
|  44|0x0000000706400000, 0x0000000706400000, 0x0000000706600000|  0%| F|  |TAMS 0x0000000706400000, 0x0000000706400000| Untracked 
|  45|0x0000000706600000, 0x0000000706600000, 0x0000000706800000|  0%| F|  |TAMS 0x0000000706600000, 0x0000000706600000| Untracked 
|  46|0x0000000706800000, 0x0000000706800000, 0x0000000706a00000|  0%| F|  |TAMS 0x0000000706800000, 0x0000000706800000| Untracked 
|  47|0x0000000706a00000, 0x0000000706a00000, 0x0000000706c00000|  0%| F|  |TAMS 0x0000000706a00000, 0x0000000706a00000| Untracked 
|  48|0x0000000706c00000, 0x0000000706c00000, 0x0000000706e00000|  0%| F|  |TAMS 0x0000000706c00000, 0x0000000706c00000| Untracked 
|  49|0x0000000706e00000, 0x0000000706e00000, 0x0000000707000000|  0%| F|  |TAMS 0x0000000706e00000, 0x0000000706e00000| Untracked 
|  50|0x0000000707000000, 0x0000000707000000, 0x0000000707200000|  0%| F|  |TAMS 0x0000000707000000, 0x0000000707000000| Untracked 
|  51|0x0000000707200000, 0x0000000707200000, 0x0000000707400000|  0%| F|  |TAMS 0x0000000707200000, 0x0000000707200000| Untracked 
|  52|0x0000000707400000, 0x0000000707400000, 0x0000000707600000|  0%| F|  |TAMS 0x0000000707400000, 0x0000000707400000| Untracked 
|  53|0x0000000707600000, 0x0000000707600000, 0x0000000707800000|  0%| F|  |TAMS 0x0000000707600000, 0x0000000707600000| Untracked 
|  54|0x0000000707800000, 0x0000000707800000, 0x0000000707a00000|  0%| F|  |TAMS 0x0000000707800000, 0x0000000707800000| Untracked 
|  55|0x0000000707a00000, 0x0000000707a00000, 0x0000000707c00000|  0%| F|  |TAMS 0x0000000707a00000, 0x0000000707a00000| Untracked 
|  56|0x0000000707c00000, 0x0000000707c00000, 0x0000000707e00000|  0%| F|  |TAMS 0x0000000707c00000, 0x0000000707c00000| Untracked 
|  57|0x0000000707e00000, 0x0000000707e00000, 0x0000000708000000|  0%| F|  |TAMS 0x0000000707e00000, 0x0000000707e00000| Untracked 
|  58|0x0000000708000000, 0x0000000708000000, 0x0000000708200000|  0%| F|  |TAMS 0x0000000708000000, 0x0000000708000000| Untracked 
|  59|0x0000000708200000, 0x0000000708200000, 0x0000000708400000|  0%| F|  |TAMS 0x0000000708200000, 0x0000000708200000| Untracked 
|  60|0x0000000708400000, 0x0000000708400000, 0x0000000708600000|  0%| F|  |TAMS 0x0000000708400000, 0x0000000708400000| Untracked 
|  61|0x0000000708600000, 0x0000000708600000, 0x0000000708800000|  0%| F|  |TAMS 0x0000000708600000, 0x0000000708600000| Untracked 
|  62|0x0000000708800000, 0x0000000708800000, 0x0000000708a00000|  0%| F|  |TAMS 0x0000000708800000, 0x0000000708800000| Untracked 
|  63|0x0000000708a00000, 0x0000000708a00000, 0x0000000708c00000|  0%| F|  |TAMS 0x0000000708a00000, 0x0000000708a00000| Untracked 
|  64|0x0000000708c00000, 0x0000000708c00000, 0x0000000708e00000|  0%| F|  |TAMS 0x0000000708c00000, 0x0000000708c00000| Untracked 
|  65|0x0000000708e00000, 0x0000000708e00000, 0x0000000709000000|  0%| F|  |TAMS 0x0000000708e00000, 0x0000000708e00000| Untracked 
|  66|0x0000000709000000, 0x0000000709000000, 0x0000000709200000|  0%| F|  |TAMS 0x0000000709000000, 0x0000000709000000| Untracked 
|  67|0x0000000709200000, 0x0000000709200000, 0x0000000709400000|  0%| F|  |TAMS 0x0000000709200000, 0x0000000709200000| Untracked 
|  68|0x0000000709400000, 0x0000000709400000, 0x0000000709600000|  0%| F|  |TAMS 0x0000000709400000, 0x0000000709400000| Untracked 
|  69|0x0000000709600000, 0x0000000709600000, 0x0000000709800000|  0%| F|  |TAMS 0x0000000709600000, 0x0000000709600000| Untracked 
|  70|0x0000000709800000, 0x0000000709800000, 0x0000000709a00000|  0%| F|  |TAMS 0x0000000709800000, 0x0000000709800000| Untracked 
|  71|0x0000000709a00000, 0x0000000709a00000, 0x0000000709c00000|  0%| F|  |TAMS 0x0000000709a00000, 0x0000000709a00000| Untracked 
|  72|0x0000000709c00000, 0x0000000709c00000, 0x0000000709e00000|  0%| F|  |TAMS 0x0000000709c00000, 0x0000000709c00000| Untracked 
|  73|0x0000000709e00000, 0x0000000709e00000, 0x000000070a000000|  0%| F|  |TAMS 0x0000000709e00000, 0x0000000709e00000| Untracked 
|  74|0x000000070a000000, 0x000000070a000000, 0x000000070a200000|  0%| F|  |TAMS 0x000000070a000000, 0x000000070a000000| Untracked 
|  75|0x000000070a200000, 0x000000070a200000, 0x000000070a400000|  0%| F|  |TAMS 0x000000070a200000, 0x000000070a200000| Untracked 
|  76|0x000000070a400000, 0x000000070a400000, 0x000000070a600000|  0%| F|  |TAMS 0x000000070a400000, 0x000000070a400000| Untracked 
|  77|0x000000070a600000, 0x000000070a600000, 0x000000070a800000|  0%| F|  |TAMS 0x000000070a600000, 0x000000070a600000| Untracked 
|  78|0x000000070a800000, 0x000000070a800000, 0x000000070aa00000|  0%| F|  |TAMS 0x000000070a800000, 0x000000070a800000| Untracked 
|  79|0x000000070aa00000, 0x000000070aa00000, 0x000000070ac00000|  0%| F|  |TAMS 0x000000070aa00000, 0x000000070aa00000| Untracked 
|  80|0x000000070ac00000, 0x000000070ac00000, 0x000000070ae00000|  0%| F|  |TAMS 0x000000070ac00000, 0x000000070ac00000| Untracked 
|  81|0x000000070ae00000, 0x000000070ae00000, 0x000000070b000000|  0%| F|  |TAMS 0x000000070ae00000, 0x000000070ae00000| Untracked 
|  82|0x000000070b000000, 0x000000070b000000, 0x000000070b200000|  0%| F|  |TAMS 0x000000070b000000, 0x000000070b000000| Untracked 
|  83|0x000000070b200000, 0x000000070b200000, 0x000000070b400000|  0%| F|  |TAMS 0x000000070b200000, 0x000000070b200000| Untracked 
|  84|0x000000070b400000, 0x000000070b400000, 0x000000070b600000|  0%| F|  |TAMS 0x000000070b400000, 0x000000070b400000| Untracked 
|  85|0x000000070b600000, 0x000000070b600000, 0x000000070b800000|  0%| F|  |TAMS 0x000000070b600000, 0x000000070b600000| Untracked 
|  86|0x000000070b800000, 0x000000070b800000, 0x000000070ba00000|  0%| F|  |TAMS 0x000000070b800000, 0x000000070b800000| Untracked 
|  87|0x000000070ba00000, 0x000000070ba00000, 0x000000070bc00000|  0%| F|  |TAMS 0x000000070ba00000, 0x000000070ba00000| Untracked 
|  88|0x000000070bc00000, 0x000000070bc00000, 0x000000070be00000|  0%| F|  |TAMS 0x000000070bc00000, 0x000000070bc00000| Untracked 
|  89|0x000000070be00000, 0x000000070be00000, 0x000000070c000000|  0%| F|  |TAMS 0x000000070be00000, 0x000000070be00000| Untracked 
|  90|0x000000070c000000, 0x000000070c000000, 0x000000070c200000|  0%| F|  |TAMS 0x000000070c000000, 0x000000070c000000| Untracked 
|  91|0x000000070c200000, 0x000000070c200000, 0x000000070c400000|  0%| F|  |TAMS 0x000000070c200000, 0x000000070c200000| Untracked 
|  92|0x000000070c400000, 0x000000070c400000, 0x000000070c600000|  0%| F|  |TAMS 0x000000070c400000, 0x000000070c400000| Untracked 
|  93|0x000000070c600000, 0x000000070c600000, 0x000000070c800000|  0%| F|  |TAMS 0x000000070c600000, 0x000000070c600000| Untracked 
|  94|0x000000070c800000, 0x000000070c800000, 0x000000070ca00000|  0%| F|  |TAMS 0x000000070c800000, 0x000000070c800000| Untracked 
|  95|0x000000070ca00000, 0x000000070ca00000, 0x000000070cc00000|  0%| F|  |TAMS 0x000000070ca00000, 0x000000070ca00000| Untracked 
|  96|0x000000070cc00000, 0x000000070cc00000, 0x000000070ce00000|  0%| F|  |TAMS 0x000000070cc00000, 0x000000070cc00000| Untracked 
|  97|0x000000070ce00000, 0x000000070ce00000, 0x000000070d000000|  0%| F|  |TAMS 0x000000070ce00000, 0x000000070ce00000| Untracked 
|  98|0x000000070d000000, 0x000000070d000000, 0x000000070d200000|  0%| F|  |TAMS 0x000000070d000000, 0x000000070d000000| Untracked 
|  99|0x000000070d200000, 0x000000070d200000, 0x000000070d400000|  0%| F|  |TAMS 0x000000070d200000, 0x000000070d200000| Untracked 
| 100|0x000000070d400000, 0x000000070d400000, 0x000000070d600000|  0%| F|  |TAMS 0x000000070d400000, 0x000000070d400000| Untracked 
| 101|0x000000070d600000, 0x000000070d600000, 0x000000070d800000|  0%| F|  |TAMS 0x000000070d600000, 0x000000070d600000| Untracked 
| 102|0x000000070d800000, 0x000000070d800000, 0x000000070da00000|  0%| F|  |TAMS 0x000000070d800000, 0x000000070d800000| Untracked 
| 103|0x000000070da00000, 0x000000070da00000, 0x000000070dc00000|  0%| F|  |TAMS 0x000000070da00000, 0x000000070da00000| Untracked 
| 104|0x000000070dc00000, 0x000000070dc00000, 0x000000070de00000|  0%| F|  |TAMS 0x000000070dc00000, 0x000000070dc00000| Untracked 
| 105|0x000000070de00000, 0x000000070de00000, 0x000000070e000000|  0%| F|  |TAMS 0x000000070de00000, 0x000000070de00000| Untracked 
| 106|0x000000070e000000, 0x000000070e000000, 0x000000070e200000|  0%| F|  |TAMS 0x000000070e000000, 0x000000070e000000| Untracked 
| 107|0x000000070e200000, 0x000000070e200000, 0x000000070e400000|  0%| F|  |TAMS 0x000000070e200000, 0x000000070e200000| Untracked 
| 108|0x000000070e400000, 0x000000070e400000, 0x000000070e600000|  0%| F|  |TAMS 0x000000070e400000, 0x000000070e400000| Untracked 
| 109|0x000000070e600000, 0x000000070e686890, 0x000000070e800000| 26%| S|CS|TAMS 0x000000070e600000, 0x000000070e600000| Complete 
| 110|0x000000070e800000, 0x000000070ea00000, 0x000000070ea00000|100%| S|CS|TAMS 0x000000070e800000, 0x000000070e800000| Complete 
| 111|0x000000070ea00000, 0x000000070ea00000, 0x000000070ec00000|  0%| F|  |TAMS 0x000000070ea00000, 0x000000070ea00000| Untracked 
| 112|0x000000070ec00000, 0x000000070ec00000, 0x000000070ee00000|  0%| F|  |TAMS 0x000000070ec00000, 0x000000070ec00000| Untracked 
| 113|0x000000070ee00000, 0x000000070ee00000, 0x000000070f000000|  0%| F|  |TAMS 0x000000070ee00000, 0x000000070ee00000| Untracked 
| 114|0x000000070f000000, 0x000000070f000000, 0x000000070f200000|  0%| F|  |TAMS 0x000000070f000000, 0x000000070f000000| Untracked 
| 115|0x000000070f200000, 0x000000070f200000, 0x000000070f400000|  0%| F|  |TAMS 0x000000070f200000, 0x000000070f200000| Untracked 
| 116|0x000000070f400000, 0x000000070f400000, 0x000000070f600000|  0%| F|  |TAMS 0x000000070f400000, 0x000000070f400000| Untracked 
| 117|0x000000070f600000, 0x000000070f600000, 0x000000070f800000|  0%| F|  |TAMS 0x000000070f600000, 0x000000070f600000| Untracked 
| 118|0x000000070f800000, 0x000000070f800000, 0x000000070fa00000|  0%| F|  |TAMS 0x000000070f800000, 0x000000070f800000| Untracked 
| 119|0x000000070fa00000, 0x000000070fb6c0d0, 0x000000070fc00000| 71%| E|  |TAMS 0x000000070fa00000, 0x000000070fa00000| Complete 
| 120|0x000000070fc00000, 0x000000070fe00000, 0x000000070fe00000|100%| E|CS|TAMS 0x000000070fc00000, 0x000000070fc00000| Complete 
| 121|0x000000070fe00000, 0x0000000710000000, 0x0000000710000000|100%| E|CS|TAMS 0x000000070fe00000, 0x000000070fe00000| Complete 
| 122|0x0000000710000000, 0x0000000710200000, 0x0000000710200000|100%| E|CS|TAMS 0x0000000710000000, 0x0000000710000000| Complete 
| 123|0x0000000710200000, 0x0000000710400000, 0x0000000710400000|100%| E|CS|TAMS 0x0000000710200000, 0x0000000710200000| Complete 
| 124|0x0000000710400000, 0x0000000710600000, 0x0000000710600000|100%| E|CS|TAMS 0x0000000710400000, 0x0000000710400000| Complete 
| 125|0x0000000710600000, 0x0000000710800000, 0x0000000710800000|100%| E|CS|TAMS 0x0000000710600000, 0x0000000710600000| Complete 
| 126|0x0000000710800000, 0x0000000710a00000, 0x0000000710a00000|100%| E|CS|TAMS 0x0000000710800000, 0x0000000710800000| Complete 
| 127|0x0000000710a00000, 0x0000000710c00000, 0x0000000710c00000|100%| E|CS|TAMS 0x0000000710a00000, 0x0000000710a00000| Complete 

Card table byte_map: [0x000002ae44760000,0x000002ae44f60000] _byte_map_base: 0x000002ae40f5a000

Marking Bits (Prev, Next): (CMBitMap*) 0x000002ae2d15c7c0, (CMBitMap*) 0x000002ae2d15c800
 Prev Bits: [0x000002ae45760000, 0x000002ae49730000)
 Next Bits: [0x000002ae49730000, 0x000002ae4d700000)

Polling page: 0x000002ae2c8b0000

Metaspace:

Usage:
  Non-class:     13.85 MB used.
      Class:      1.91 MB used.
       Both:     15.76 MB used.

Virtual space:
  Non-class space:       64.00 MB reserved,      13.94 MB ( 22%) committed,  1 nodes.
      Class space:        1.00 GB reserved,       2.06 MB ( <1%) committed,  1 nodes.
             Both:        1.06 GB reserved,      16.00 MB (  1%) committed. 

Chunk freelists:
   Non-Class:  1.88 MB
       Class:  1.91 MB
        Both:  3.79 MB

MaxMetaspaceSize: unlimited
CompressedClassSpaceSize: 1.00 GB
Initial GC threshold: 21.00 MB
Current GC threshold: 21.00 MB
CDS: on
MetaspaceReclaimPolicy: balanced
 - commit_granule_bytes: 65536.
 - commit_granule_words: 8192.
 - virtual_space_node_default_size: 8388608.
 - enlarge_chunks_in_place: 1.
 - new_chunks_are_fully_committed: 0.
 - uncommit_free_chunks: 1.
 - use_allocation_guard: 0.


Internal statistics:

num_allocs_failed_limit: 0.
num_arena_births: 234.
num_arena_deaths: 0.
num_vsnodes_births: 2.
num_vsnodes_deaths: 0.
num_space_committed: 256.
num_space_uncommitted: 0.
num_chunks_returned_to_freelist: 0.
num_chunks_taken_from_freelist: 761.
num_chunk_merges: 0.
num_chunk_splits: 521.
num_chunks_enlarged: 415.
num_inconsistent_stats: 0.

CodeHeap 'non-profiled nmethods': size=120000Kb used=851Kb max_used=851Kb free=119148Kb
 bounds [0x000002ae3c4e0000, 0x000002ae3c750000, 0x000002ae43a10000]
CodeHeap 'profiled nmethods': size=120000Kb used=4463Kb max_used=4463Kb free=115536Kb
 bounds [0x000002ae34fb0000, 0x000002ae35410000, 0x000002ae3c4e0000]
CodeHeap 'non-nmethods': size=5760Kb used=1196Kb max_used=1214Kb free=4563Kb
 bounds [0x000002ae34a10000, 0x000002ae34c80000, 0x000002ae34fb0000]
 total_blobs=2751 nmethods=2278 adapters=384
 compilation: enabled
              stopped_count=0, restarted_count=0
 full_count=0

Compilation events (20 events):
Event: 0.995 Thread 0x000002ae50349470 2205   !   3       org.springframework.core.io.DefaultResourceLoader::getResource (140 bytes)
Event: 0.996 Thread 0x000002ae503466e0 nmethod 2104 0x000002ae3c5ab910 code [0x000002ae3c5abb40, 0x000002ae3c5acff0]
Event: 0.996 Thread 0x000002ae50349470 nmethod 2205 0x000002ae353e4990 code [0x000002ae353e4d40, 0x000002ae353e6688]
Event: 0.996 Thread 0x000002ae503466e0 2176       4       jdk.internal.jimage.ImageStringsReader::hashCode (33 bytes)
Event: 0.996 Thread 0x000002ae50349470 2198       3       java.util.concurrent.ConcurrentHashMap::values (25 bytes)
Event: 0.996 Thread 0x000002ae50349470 nmethod 2198 0x000002ae353e6e90 code [0x000002ae353e7040, 0x000002ae353e73f8]
Event: 0.996 Thread 0x000002ae50349470 2206       3       org.springframework.core.annotation.MergedAnnotationsCollection$AnnotationsSpliterator::createMergedAnnotationIfPossible (54 bytes)
Event: 0.996 Thread 0x000002ae50349470 nmethod 2206 0x000002ae353e7510 code [0x000002ae353e7700, 0x000002ae353e7bb8]
Event: 0.996 Thread 0x000002ae50349470 2207       3       org.springframework.core.io.ClassPathResource::hashCode (8 bytes)
Event: 0.996 Thread 0x000002ae50349470 nmethod 2207 0x000002ae353e7e10 code [0x000002ae353e7fc0, 0x000002ae353e8108]
Event: 0.996 Thread 0x000002ae50349470 2208       3       org.springframework.core.type.AnnotationMetadata$$Lambda$250/0x0000000800d8a838::test (10 bytes)
Event: 0.996 Thread 0x000002ae50349470 nmethod 2208 0x000002ae353e8210 code [0x000002ae353e83e0, 0x000002ae353e8958]
Event: 0.996 Thread 0x000002ae50349470 2209       3       java.util.WeakHashMap::matchesKey (33 bytes)
Event: 0.997 Thread 0x000002ae50349470 nmethod 2209 0x000002ae353e8a90 code [0x000002ae353e8c60, 0x000002ae353e9198]
Event: 0.997 Thread 0x000002ae50349470 2210       3       org.springframework.core.annotation.TypeMappedAnnotation::isFiltered (28 bytes)
Event: 0.997 Thread 0x000002ae50349470 nmethod 2210 0x000002ae353e9310 code [0x000002ae353e94c0, 0x000002ae353e9768]
Event: 0.997 Thread 0x000002ae50349470 2211       3       org.springframework.core.annotation.TypeMappedAnnotation::getValue (41 bytes)
Event: 0.997 Thread 0x000002ae50349470 nmethod 2211 0x000002ae353e9810 code [0x000002ae353e99e0, 0x000002ae353e9ca8]
Event: 1.000 Thread 0x000002ae503466e0 nmethod 2176 0x000002ae3c5ae090 code [0x000002ae3c5ae240, 0x000002ae3c5ae5d8]
Event: 1.000 Thread 0x000002ae503466e0 2172       4       java.lang.String::lastIndexOf (12 bytes)

GC Heap History (4 events):
Event: 0.474 GC heap before
{Heap before GC invocations=0 (full 0):
 garbage-first heap   total 262144K, used 22528K [0x0000000700c00000, 0x0000000800000000)
  region size 2048K, 11 young (22528K), 0 survivors (0K)
 Metaspace       used 5775K, committed 5952K, reserved 1114112K
  class space    used 664K, committed 768K, reserved 1048576K
}
Event: 0.477 GC heap after
{Heap after GC invocations=1 (full 0):
 garbage-first heap   total 262144K, used 5126K [0x0000000700c00000, 0x0000000800000000)
  region size 2048K, 2 young (4096K), 2 survivors (4096K)
 Metaspace       used 5775K, committed 5952K, reserved 1114112K
  class space    used 664K, committed 768K, reserved 1048576K
}
Event: 0.790 GC heap before
{Heap before GC invocations=1 (full 0):
 garbage-first heap   total 262144K, used 35846K [0x0000000700c00000, 0x0000000800000000)
  region size 2048K, 17 young (34816K), 2 survivors (4096K)
 Metaspace       used 13510K, committed 13696K, reserved 1114112K
  class space    used 1620K, committed 1728K, reserved 1048576K
}
Event: 0.794 GC heap after
{Heap after GC invocations=2 (full 0):
 garbage-first heap   total 262144K, used 7635K [0x0000000700c00000, 0x0000000800000000)
  region size 2048K, 2 young (4096K), 2 survivors (4096K)
 Metaspace       used 13510K, committed 13696K, reserved 1114112K
  class space    used 1620K, committed 1728K, reserved 1048576K
}

Deoptimization events (20 events):
Event: 0.917 Thread 0x000002ae54d150c0 DEOPT PACKING pc=0x000002ae350bc165 sp=0x000000be7c5fe470
Event: 0.917 Thread 0x000002ae54d150c0 DEOPT UNPACKING pc=0x000002ae34a62b43 sp=0x000000be7c5fd960 mode 0
Event: 0.917 Thread 0x000002ae54d150c0 DEOPT PACKING pc=0x000002ae350b7be6 sp=0x000000be7c5fe4a0
Event: 0.917 Thread 0x000002ae54d150c0 DEOPT UNPACKING pc=0x000002ae34a62b43 sp=0x000000be7c5fd968 mode 0
Event: 0.917 Thread 0x000002ae54d150c0 DEOPT PACKING pc=0x000002ae350bc165 sp=0x000000be7c5fe470
Event: 0.917 Thread 0x000002ae54d150c0 DEOPT UNPACKING pc=0x000002ae34a62b43 sp=0x000000be7c5fd960 mode 0
Event: 0.917 Thread 0x000002ae54d150c0 DEOPT PACKING pc=0x000002ae350b7be6 sp=0x000000be7c5fe4a0
Event: 0.917 Thread 0x000002ae54d150c0 DEOPT UNPACKING pc=0x000002ae34a62b43 sp=0x000000be7c5fd968 mode 0
Event: 0.918 Thread 0x000002ae54d150c0 DEOPT PACKING pc=0x000002ae350bc165 sp=0x000000be7c5fe470
Event: 0.918 Thread 0x000002ae54d150c0 DEOPT UNPACKING pc=0x000002ae34a62b43 sp=0x000000be7c5fd960 mode 0
Event: 0.918 Thread 0x000002ae54d150c0 DEOPT PACKING pc=0x000002ae350b7be6 sp=0x000000be7c5fe4a0
Event: 0.918 Thread 0x000002ae54d150c0 DEOPT UNPACKING pc=0x000002ae34a62b43 sp=0x000000be7c5fd968 mode 0
Event: 0.918 Thread 0x000002ae54d150c0 DEOPT PACKING pc=0x000002ae350bc165 sp=0x000000be7c5fe470
Event: 0.918 Thread 0x000002ae54d150c0 DEOPT UNPACKING pc=0x000002ae34a62b43 sp=0x000000be7c5fd960 mode 0
Event: 0.918 Thread 0x000002ae54d150c0 DEOPT PACKING pc=0x000002ae350b7be6 sp=0x000000be7c5fe4a0
Event: 0.918 Thread 0x000002ae54d150c0 DEOPT UNPACKING pc=0x000002ae34a62b43 sp=0x000000be7c5fd968 mode 0
Event: 0.955 Thread 0x000002ae54d150c0 Uncommon trap: trap_request=0xffffff45 fr.pc=0x000002ae3c58f4e8 relative=0x00000000000007c8
Event: 0.955 Thread 0x000002ae54d150c0 Uncommon trap: reason=unstable_if action=reinterpret pc=0x000002ae3c58f4e8 method=java.util.zip.ZipFile$Source.getEntryPos(Ljava/lang/String;Z)I @ 104 c2
Event: 0.955 Thread 0x000002ae54d150c0 DEOPT PACKING pc=0x000002ae3c58f4e8 sp=0x000000be7c5fc6d0
Event: 0.955 Thread 0x000002ae54d150c0 DEOPT UNPACKING pc=0x000002ae34a623a3 sp=0x000000be7c5fc5e8 mode 2

Classes loaded (20 events):
Event: 0.823 Loading class java/util/stream/SortedOps$RefSortingSink
Event: 0.823 Loading class java/util/stream/SortedOps$AbstractRefSortingSink
Event: 0.823 Loading class java/util/stream/SortedOps$AbstractRefSortingSink done
Event: 0.823 Loading class java/util/stream/SortedOps$RefSortingSink done
Event: 0.823 Loading class sun/nio/fs/WindowsPath$WindowsPathWithAttributes
Event: 0.823 Loading class sun/nio/fs/BasicFileAttributesHolder
Event: 0.823 Loading class sun/nio/fs/BasicFileAttributesHolder done
Event: 0.823 Loading class sun/nio/fs/WindowsPath$WindowsPathWithAttributes done
Event: 0.824 Loading class java/util/regex/Pattern$LazyLoop
Event: 0.824 Loading class java/util/regex/Pattern$Loop
Event: 0.824 Loading class java/util/regex/Pattern$Loop done
Event: 0.824 Loading class java/util/regex/Pattern$LazyLoop done
Event: 0.824 Loading class java/util/regex/Pattern$Prolog
Event: 0.824 Loading class java/util/regex/Pattern$Prolog done
Event: 0.829 Loading class java/lang/AssertionError
Event: 0.829 Loading class java/lang/AssertionError done
Event: 0.889 Loading class javax/naming/ldap/LdapContext
Event: 0.889 Loading class javax/naming/directory/DirContext
Event: 0.889 Loading class javax/naming/directory/DirContext done
Event: 0.889 Loading class javax/naming/ldap/LdapContext done

Classes unloaded (0 events):
No events

Classes redefined (0 events):
No events

Internal exceptions (20 events):
Event: 0.609 Thread 0x000002ae54d150c0 Exception <a 'java/lang/NoSuchMethodError'{0x0000000710570b08}: 'void java.lang.invoke.DirectMethodHandle$Holder.invokeStaticInit(java.lang.Object, java.lang.Object)'> (0x0000000710570b08) 
thrown [t:\workspace\open\src\hotspot\share\interpreter\linkResolver.cpp, line 766]
Event: 0.610 Thread 0x000002ae54d150c0 Exception <a 'java/lang/NoSuchMethodError'{0x000000071057d3e0}: 'void java.lang.invoke.DirectMethodHandle$Holder.invokeStaticInit(java.lang.Object, java.lang.Object, java.lang.Object)'> (0x000000071057d3e0) 
thrown [t:\workspace\open\src\hotspot\share\interpreter\linkResolver.cpp, line 766]
Event: 0.612 Thread 0x000002ae54d150c0 Exception <a 'java/lang/NoSuchMethodError'{0x000000071058ea80}: 'java.lang.Object java.lang.invoke.DirectMethodHandle$Holder.invokeStatic(java.lang.Object, java.lang.Object, long, java.lang.Object)'> (0x000000071058ea80) 
thrown [t:\workspace\open\src\hotspot\share\interpreter\linkResolver.cpp, line 766]
Event: 0.612 Thread 0x000002ae54d150c0 Exception <a 'java/lang/NoSuchMethodError'{0x0000000710592510}: 'java.lang.Object java.lang.invoke.DirectMethodHandle$Holder.invokeStaticInit(java.lang.Object, java.lang.Object, long, java.lang.Object)'> (0x0000000710592510) 
thrown [t:\workspace\open\src\hotspot\share\interpreter\linkResolver.cpp, line 766]
Event: 0.612 Thread 0x000002ae54d150c0 Exception <a 'java/lang/NoSuchMethodError'{0x0000000710598c18}: 'java.lang.Object java.lang.invoke.DirectMethodHandle$Holder.newInvokeSpecial(java.lang.Object, java.lang.Object, long)'> (0x0000000710598c18) 
thrown [t:\workspace\open\src\hotspot\share\interpreter\linkResolver.cpp, line 766]
Event: 0.613 Thread 0x000002ae54d150c0 Exception <a 'java/lang/NoSuchMethodError'{0x000000071059c790}: 'java.lang.Object java.lang.invoke.Invokers$Holder.linkToTargetMethod(java.lang.Object, long, java.lang.Object)'> (0x000000071059c790) 
thrown [t:\workspace\open\src\hotspot\share\interpreter\linkResolver.cpp, line 766]
Event: 0.620 Thread 0x000002ae54d150c0 Exception <a 'java/lang/NoSuchMethodError'{0x00000007105dfda0}: 'void java.lang.invoke.DirectMethodHandle$Holder.invokeVirtual(java.lang.Object, java.lang.Object, java.lang.Object, java.lang.Object)'> (0x00000007105dfda0) 
thrown [t:\workspace\open\src\hotspot\share\interpreter\linkResolver.cpp, line 766]
Event: 0.643 Thread 0x000002ae54d150c0 Exception <a 'java/lang/NoSuchMethodError'{0x000000071031f868}: 'void java.lang.invoke.DirectMethodHandle$Holder.invokeSpecial(java.lang.Object, java.lang.Object, java.lang.Object, java.lang.Object, java.lang.Object)'> (0x000000071031f868) 
thrown [t:\workspace\open\src\hotspot\share\interpreter\linkResolver.cpp, line 766]
Event: 0.648 Thread 0x000002ae552c4860 Exception <a 'java/lang/NoClassDefFoundError'{0x0000000710366060}: jakarta/validation/Validation> (0x0000000710366060) 
thrown [t:\workspace\open\src\hotspot\share\classfile\systemDictionary.cpp, line 244]
Event: 0.650 Thread 0x000002ae54d150c0 Exception <a 'java/lang/IncompatibleClassChangeError'{0x000000071038ee10}: Found class java.lang.Object, but interface was expected> (0x000000071038ee10) 
thrown [t:\workspace\open\src\hotspot\share\interpreter\linkResolver.cpp, line 833]
Event: 0.715 Thread 0x000002ae54d150c0 Exception <a 'java/lang/NoSuchMethodError'{0x000000070f94ab00}: 'int java.lang.invoke.Invokers$Holder.invokeExact_MT(java.lang.Object, java.lang.Object)'> (0x000000070f94ab00) 
thrown [t:\workspace\open\src\hotspot\share\interpreter\linkResolver.cpp, line 766]
Event: 0.816 Thread 0x000002ae552c4860 Exception <a 'java/lang/NoSuchMethodError'{0x000000071095bc18}: 'long java.lang.invoke.DirectMethodHandle$Holder.invokeSpecial(java.lang.Object, java.lang.Object)'> (0x000000071095bc18) 
thrown [t:\workspace\open\src\hotspot\share\interpreter\linkResolver.cpp, line 766]
Event: 0.817 Thread 0x000002ae552c4860 Exception <a 'java/lang/NoSuchMethodError'{0x0000000710967148}: 'long java.lang.invoke.DirectMethodHandle$Holder.invokeStatic(java.lang.Object, java.lang.Object)'> (0x0000000710967148) 
thrown [t:\workspace\open\src\hotspot\share\interpreter\linkResolver.cpp, line 766]
Event: 0.817 Thread 0x000002ae552c4860 Exception <a 'java/lang/NoSuchMethodError'{0x000000071096a740}: 'long java.lang.invoke.DirectMethodHandle$Holder.invokeStaticInit(java.lang.Object, java.lang.Object)'> (0x000000071096a740) 
thrown [t:\workspace\open\src\hotspot\share\interpreter\linkResolver.cpp, line 766]
Event: 0.818 Thread 0x000002ae552c4860 Exception <a 'java/lang/NoSuchMethodError'{0x00000007109788a8}: 'long java.lang.invoke.DirectMethodHandle$Holder.invokeInterface(java.lang.Object, java.lang.Object)'> (0x00000007109788a8) 
thrown [t:\workspace\open\src\hotspot\share\interpreter\linkResolver.cpp, line 766]
Event: 0.818 Thread 0x000002ae552c4860 Exception <a 'java/lang/IncompatibleClassChangeError'{0x000000071097be30}: Found class java.lang.Object, but interface was expected> (0x000000071097be30) 
thrown [t:\workspace\open\src\hotspot\share\interpreter\linkResolver.cpp, line 833]
Event: 0.821 Thread 0x000002ae54d150c0 Exception <a 'java/lang/NoSuchMethodError'{0x0000000710988a28}: 'int java.lang.invoke.DirectMethodHandle$Holder.invokeSpecial(java.lang.Object, java.lang.Object, java.lang.Object, java.lang.Object, java.lang.Object)'> (0x0000000710988a28) 
thrown [t:\workspace\open\src\hotspot\share\interpreter\linkResolver.cpp, line 766]
Event: 0.822 Thread 0x000002ae54d150c0 Exception <a 'java/lang/NoSuchMethodError'{0x00000007109919a0}: 'void java.lang.invoke.DirectMethodHandle$Holder.invokeVirtual(java.lang.Object, java.lang.Object)'> (0x00000007109919a0) 
thrown [t:\workspace\open\src\hotspot\share\interpreter\linkResolver.cpp, line 766]
Event: 0.825 Thread 0x000002ae552c4860 Exception <a 'java/lang/NoSuchMethodError'{0x000000071063de40}: 'java.lang.Object java.lang.invoke.DirectMethodHandle$Holder.invokeVirtual(java.lang.Object, java.lang.Object, java.lang.Object, java.lang.Object)'> (0x000000071063de40) 
thrown [t:\workspace\open\src\hotspot\share\interpreter\linkResolver.cpp, line 766]
Event: 0.913 Thread 0x000002ae54d150c0 Exception <a 'java/lang/IncompatibleClassChangeError'{0x00000007103dbfc0}: Found class java.lang.Object, but interface was expected> (0x00000007103dbfc0) 
thrown [t:\workspace\open\src\hotspot\share\interpreter\linkResolver.cpp, line 833]

VM Operations (20 events):
Event: 0.473 Executing VM operation: ICBufferFull
Event: 0.473 Executing VM operation: ICBufferFull done
Event: 0.474 Executing VM operation: G1CollectForAllocation
Event: 0.478 Executing VM operation: G1CollectForAllocation done
Event: 0.579 Executing VM operation: HandshakeAllThreads
Event: 0.579 Executing VM operation: HandshakeAllThreads done
Event: 0.641 Executing VM operation: HandshakeAllThreads
Event: 0.641 Executing VM operation: HandshakeAllThreads done
Event: 0.641 Executing VM operation: HandshakeAllThreads
Event: 0.641 Executing VM operation: HandshakeAllThreads done
Event: 0.712 Executing VM operation: ICBufferFull
Event: 0.712 Executing VM operation: ICBufferFull done
Event: 0.722 Executing VM operation: HandshakeAllThreads
Event: 0.722 Executing VM operation: HandshakeAllThreads done
Event: 0.790 Executing VM operation: G1CollectForAllocation
Event: 0.794 Executing VM operation: G1CollectForAllocation done
Event: 0.799 Executing VM operation: HandshakeAllThreads
Event: 0.799 Executing VM operation: HandshakeAllThreads done
Event: 0.812 Executing VM operation: HandshakeAllThreads
Event: 0.812 Executing VM operation: HandshakeAllThreads done

Events (20 events):
Event: 0.081 Thread 0x000002ae545666e0 Thread added: 0x000002ae545666e0
Event: 0.096 Loaded shared library C:\Program Files\Java\jdk-18\bin\zip.dll
Event: 0.097 Loaded shared library C:\Program Files\Java\jdk-18\bin\instrument.dll
Event: 0.102 Loaded shared library C:\Program Files\Java\jdk-18\bin\net.dll
Event: 0.103 Loaded shared library C:\Program Files\Java\jdk-18\bin\nio.dll
Event: 0.107 Loaded shared library C:\Program Files\Java\jdk-18\bin\zip.dll
Event: 0.125 Thread 0x000002ae503466e0 Thread added: 0x000002ae503466e0
Event: 0.161 Loaded shared library D:\Program Files\JetBrains\IntelliJ IDEA Community Edition 2022.1\bin\breakgen64.dll
Event: 0.162 Thread 0x000002ae546dae90 Thread added: 0x000002ae546dae90
Event: 0.162 Thread 0x000002ae548fe780 Thread added: 0x000002ae548fe780
Event: 0.181 Loaded shared library C:\Program Files\Java\jdk-18\bin\jimage.dll
Event: 0.358 Loaded shared library C:\Program Files\Java\jdk-18\bin\management.dll
Event: 0.360 Loaded shared library C:\Program Files\Java\jdk-18\bin\management_ext.dll
Event: 0.396 Thread 0x000002ae54d14360 Thread added: 0x000002ae54d14360
Event: 0.398 Thread 0x000002ae54d150c0 Thread added: 0x000002ae54d150c0
Event: 0.645 Thread 0x000002ae552c4860 Thread added: 0x000002ae552c4860
Event: 0.826 Thread 0x000002ae552c4860 Thread exited: 0x000002ae552c4860
Event: 0.878 Thread 0x000002ae55405020 Thread added: 0x000002ae55405020
Event: 0.908 Thread 0x000002ae55405020 Thread exited: 0x000002ae55405020
Event: 0.986 Thread 0x000002ae50346bf0 Thread added: 0x000002ae50346bf0


Dynamic libraries:
0x00007ff6293a0000 - 0x00007ff6293b0000 	C:\Program Files\Java\jdk-18\bin\java.exe
0x00007ff810eb0000 - 0x00007ff8110a8000 	C:\WINDOWS\SYSTEM32\ntdll.dll
0x00007ff80ff30000 - 0x00007ff80ffef000 	C:\WINDOWS\System32\KERNEL32.DLL
0x00007ff80e5c0000 - 0x00007ff80e8b6000 	C:\WINDOWS\System32\KERNELBASE.dll
0x00007ff80e970000 - 0x00007ff80ea70000 	C:\WINDOWS\System32\ucrtbase.dll
0x00007ff80a270000 - 0x00007ff80a28a000 	C:\Program Files\Java\jdk-18\bin\VCRUNTIME140.dll
0x00007ff802910000 - 0x00007ff802928000 	C:\Program Files\Java\jdk-18\bin\jli.dll
0x00007ff810830000 - 0x00007ff8108df000 	C:\WINDOWS\System32\ADVAPI32.dll
0x00007ff80f0a0000 - 0x00007ff80f13e000 	C:\WINDOWS\System32\msvcrt.dll
0x00007ff80fce0000 - 0x00007ff80fd7c000 	C:\WINDOWS\System32\sechost.dll
0x00007ff80ef10000 - 0x00007ff80f036000 	C:\WINDOWS\System32\RPCRT4.dll
0x00007ff80f4d0000 - 0x00007ff80f66d000 	C:\WINDOWS\System32\USER32.dll
0x00007ff80e590000 - 0x00007ff80e5b2000 	C:\WINDOWS\System32\win32u.dll
0x00007ff800b40000 - 0x00007ff800dda000 	C:\WINDOWS\WinSxS\amd64_microsoft.windows.common-controls_6595b64144ccf1df_6.0.19041.1110_none_60b5254171f9507e\COMCTL32.dll
0x00007ff8108e0000 - 0x00007ff81090c000 	C:\WINDOWS\System32\GDI32.dll
0x00007ff80ec40000 - 0x00007ff80ed55000 	C:\WINDOWS\System32\gdi32full.dll
0x00007ff80eba0000 - 0x00007ff80ec3d000 	C:\WINDOWS\System32\msvcp_win.dll
0x00007ff807420000 - 0x00007ff80742a000 	C:\WINDOWS\SYSTEM32\VERSION.dll
0x00007ff80f140000 - 0x00007ff80f170000 	C:\WINDOWS\System32\IMM32.DLL
0x00007ff80bce0000 - 0x00007ff80bcec000 	C:\Program Files\Java\jdk-18\bin\vcruntime140_1.dll
0x00007fffe6760000 - 0x00007fffe67ed000 	C:\Program Files\Java\jdk-18\bin\msvcp140.dll
0x00007fff74070000 - 0x00007fff74c81000 	C:\Program Files\Java\jdk-18\bin\server\jvm.dll
0x00007ff80fd90000 - 0x00007ff80fd98000 	C:\WINDOWS\System32\PSAPI.DLL
0x00007fffdcd00000 - 0x00007fffdcd09000 	C:\WINDOWS\SYSTEM32\WSOCK32.dll
0x00007ff802f20000 - 0x00007ff802f47000 	C:\WINDOWS\SYSTEM32\WINMM.dll
0x00007ff810e00000 - 0x00007ff810e6b000 	C:\WINDOWS\System32\WS2_32.dll
0x00007ff80c470000 - 0x00007ff80c482000 	C:\WINDOWS\SYSTEM32\kernel.appcore.dll
0x00007ffff6100000 - 0x00007ffff610a000 	C:\Program Files\Java\jdk-18\bin\jimage.dll
0x00007ff800e60000 - 0x00007ff801044000 	C:\WINDOWS\SYSTEM32\DBGHELP.DLL
0x00007ffff9080000 - 0x00007ffff90b4000 	C:\WINDOWS\SYSTEM32\dbgcore.DLL
0x00007ff80ea70000 - 0x00007ff80eaf2000 	C:\WINDOWS\System32\bcryptPrimitives.dll
0x00007ffff6110000 - 0x00007ffff611e000 	C:\Program Files\Java\jdk-18\bin\instrument.dll
0x00007ffff60d0000 - 0x00007ffff60f5000 	C:\Program Files\Java\jdk-18\bin\java.dll
0x00007fff86950000 - 0x00007fff86a26000 	C:\Program Files\Java\jdk-18\bin\jsvml.dll
0x00007ff8100e0000 - 0x00007ff810824000 	C:\WINDOWS\System32\SHELL32.dll
0x00007ff80c670000 - 0x00007ff80ce03000 	C:\WINDOWS\SYSTEM32\windows.storage.dll
0x00007ff80f170000 - 0x00007ff80f4c4000 	C:\WINDOWS\System32\combase.dll
0x00007ff80dff0000 - 0x00007ff80e01e000 	C:\WINDOWS\SYSTEM32\Wldp.dll
0x00007ff810910000 - 0x00007ff8109bd000 	C:\WINDOWS\System32\SHCORE.dll
0x00007ff80f040000 - 0x00007ff80f095000 	C:\WINDOWS\System32\shlwapi.dll
0x00007ff80e4d0000 - 0x00007ff80e4ef000 	C:\WINDOWS\SYSTEM32\profapi.dll
0x00007ffff5f60000 - 0x00007ffff5f78000 	C:\Program Files\Java\jdk-18\bin\zip.dll
0x00007ffff5ff0000 - 0x00007ffff6003000 	C:\Program Files\Java\jdk-18\bin\net.dll
0x00007ff806ba0000 - 0x00007ff806caa000 	C:\WINDOWS\SYSTEM32\WINHTTP.dll
0x00007ff80dd50000 - 0x00007ff80ddba000 	C:\WINDOWS\system32\mswsock.dll
0x00007ffff5fd0000 - 0x00007ffff5fe6000 	C:\Program Files\Java\jdk-18\bin\nio.dll
0x00007ffff5f30000 - 0x00007ffff5f4a000 	D:\Program Files\JetBrains\IntelliJ IDEA Community Edition 2022.1\bin\breakgen64.dll
0x00007ffff5c90000 - 0x00007ffff5c99000 	C:\Program Files\Java\jdk-18\bin\management.dll
0x00007ffff3d40000 - 0x00007ffff3d4b000 	C:\Program Files\Java\jdk-18\bin\management_ext.dll

dbghelp: loaded successfully - version: 4.0.5 - missing functions: none
symbol engine: initialized successfully - sym options: 0x614 - pdb path: .;C:\Program Files\Java\jdk-18\bin;C:\WINDOWS\SYSTEM32;C:\WINDOWS\WinSxS\amd64_microsoft.windows.common-controls_6595b64144ccf1df_6.0.19041.1110_none_60b5254171f9507e;C:\Program Files\Java\jdk-18\bin\server;D:\Program Files\JetBrains\IntelliJ IDEA Community Edition 2022.1\bin

VM Arguments:
jvm_args: -javaagent:D:\Program Files\JetBrains\IntelliJ IDEA Community Edition 2022.1\lib\idea_rt.jar=57034:D:\Program Files\JetBrains\IntelliJ IDEA Community Edition 2022.1\bin -Dfile.encoding=UTF-8 
java_command: com.tkinaba.solr.cruddemo.CruddemoApplication
java_class_path (initial): D:\Documents\employee-tracker\cruddemo\target\classes;C:\Users\tiago\.m2\repository\org\apache\solr\solr-solrj\8.11.2\solr-solrj-8.11.2.jar;C:\Users\tiago\.m2\repository\com\fasterxml\woodstox\woodstox-core\6.2.4\woodstox-core-6.2.4.jar;C:\Users\tiago\.m2\repository\commons-io\commons-io\2.8.0\commons-io-2.8.0.jar;C:\Users\tiago\.m2\repository\commons-lang\commons-lang\2.6\commons-lang-2.6.jar;C:\Users\tiago\.m2\repository\io\netty\netty-buffer\4.1.92.Final\netty-buffer-4.1.92.Final.jar;C:\Users\tiago\.m2\repository\io\netty\netty-codec\4.1.92.Final\netty-codec-4.1.92.Final.jar;C:\Users\tiago\.m2\repository\io\netty\netty-common\4.1.92.Final\netty-common-4.1.92.Final.jar;C:\Users\tiago\.m2\repository\io\netty\netty-handler\4.1.92.Final\netty-handler-4.1.92.Final.jar;C:\Users\tiago\.m2\repository\io\netty\netty-resolver\4.1.92.Final\netty-resolver-4.1.92.Final.jar;C:\Users\tiago\.m2\repository\io\netty\netty-transport\4.1.92.Final\netty-transport-4.1.92.Final.jar;C:\Users\tiago\.m2\repository\io\netty\netty-transport-native-epoll\4.1.92.Final\netty-transport-native-epoll-4.1.92.Final.jar;C:\Users\tiago\.m2\repository\io\netty\netty-transport-classes-epoll\4.1.92.Final\netty-transport-classes-epoll-4.1.92.Final.jar;C:\Users\tiago\.m2\repository\io\netty\netty-transport-native-unix-common\4.1.92.Final\netty-transport-native-unix-common-4.1.92.Final.jar;C:\Users\tiago\.m2\repository\org\apache\commons\commons-math3\3.6.1\commons-math3-3.6.1.jar;C:\Users\tiago\.m2\repository\org\apache\httpcomponents\httpclient\4.5.13\httpclient-4.5.13.jar;C:\Users\tiago\.m2\repository\org\apache\httpcomponents\httpcore\4.4.16\httpcore-4.4.16.jar;C:\Users\tiago\.m2\repository\org\apache\httpcomponents\httpmime\4.5.13\httpmime-4.5.13.jar;C:\Users\tiago\.m2\repository\org\apache\zookeeper\zookeeper\3.6.2\zookeeper-3.6.2.jar;C:\Users\tiago\.m2\repository\org\apache\zookeeper\zookeeper-jute\3.6.2\zookeeper-jute-3.6.2.jar;C:\Users\tiago\.m2\repository\org\codehaus\woodstox\stax2-api\4.2.1\stax2-api-4.2.1.jar;C:\Users\tiago\.m2\repository\org\eclipse\jetty\jetty-alpn-client\11.0.15\jetty-alpn-client-11.0.15.jar;C:\Users\tiago\.m2\repository\org\eclipse\jetty\jetty-alpn-java-client\11.0.15\jetty-alpn-java-client-11.0.15.jar;C:\Users\tiago\.m2\repository\org\eclipse\jetty\jetty-client\11.0.15\jetty-client-11.0.15.jar;C:\Users\tiago\.m2\repository\org\eclipse\jetty\jetty-http\11.0.15\jetty-http-11.0.15.jar;C:\Users\tiago\.m2\repository\org\eclipse\jetty\jetty-io\11.0.15\jetty-io-11.0.15.jar;C:\Users\tiago\.m2\repository\org\eclipse\jetty\jetty-util\11.0.15\jetty-util-11.0.15.jar;C:\Users\tiago\.m2\repository\org\eclipse\jetty\http2\http2-client\11.0.15\http2-client-11.0.15.jar;C:\Users\tiago\.m2\repository\org\eclipse\jetty\http2\http2-common\11.0.15\http2-common-11.0.15.jar;C:\Users\tiago\.m2\repository\org\eclipse\jetty\http2\http2-hpack\11.0.15\http2-hpack-11.0.15.jar;C:\Users\tiago\.m2\repository\org\eclipse\jetty\http2\http2-http-client-transport\11.0.15\http2-http-client-transport-11.0.15.jar;C:\Users\tiago\.m2\repository\org\slf4j\jcl-over-slf4j\2.0.7\jcl-over-slf4j-2.0.7.jar;C:\Users\tiago\.m2\repository\org\slf4j\slf4j-api\2.0.7\slf4j-api-2.0.7.jar;C:\Users\tiago\.m2\repository\org\xerial\snappy\snappy-java\1.1.7.6\snappy-java-1.1.7.6.jar;C:\Users\tiago\.m2\repository\org\springframework\boot\spring-boot-starter-web\3.1.0\spring-boot-starter-web-3.1.0.jar;C:\Users\tiago\.m2\repository\org\springframework\boot\spring-boot-starter\3.1.0\spring-boot-starter-3.1.0.jar;C:\Users\tiago\.m2\repository\org\springframework\boot\spring-boot-starter-logging\3.1.0\spring-boot-starter-logging-3.1.0.jar;C:\Users\tiago\.m2\repository\ch\qos\logback\logback-classic\1.4.7\logback-classic-1.4.7.jar;C:\Users\tiago\.m2\repository\ch\qos\logback\logback-core\1.4.7\logback-core-1.4.7.jar;C:\Users\tiago\.m2\repository\org\apache\logging\log4j\log4j-to-slf4j\2.20.0\log4j-to-slf4j-2.20.0.jar;C:\Users\tiago\.m2\repository\org\apache\logging\log4j\log4j-api\2.20.0\log4j-api-2.20.0.jar;C:\Users\tiago\.m2\repository\org\slf4j\jul-to-slf4j\2.0.7\jul-to-slf4j-2.0.7.jar;C:\Users\tiago\.m2\repository\jakarta\annotation\jakarta.annotation-api\2.1.1\jakarta.annotation-api-2.1.1.jar;C:\Users\tiago\.m2\repository\org\yaml\snakeyaml\1.33\snakeyaml-1.33.jar;C:\Users\tiago\.m2\repository\org\springframework\boot\spring-boot-starter-json\3.1.0\spring-boot-starter-json-3.1.0.jar;C:\Users\tiago\.m2\repository\com\fasterxml\jackson\core\jackson-databind\2.15.0\jackson-databind-2.15.0.jar;C:\Users\tiago\.m2\repository\com\fasterxml\jackson\core\jackson-annotations\2.15.0\jackson-annotations-2.15.0.jar;C:\Users\tiago\.m2\repository\com\fasterxml\jackson\core\jackson-core\2.15.0\jackson-core-2.15.0.jar;C:\Users\tiago\.m2\repository\com\fasterxml\jackson\datatype\jackson-datatype-jdk8\2.15.0\jackson-datatype-jdk8-2.15.0.jar;C:\Users\tiago\.m2\repository\com\fasterxml\jackson\datatype\jackson-datatype-jsr310\2.15.0\jackson-datatype-jsr310-2.15.0.jar;C:\Users\tiago\.m2\repository\com\fasterxml\jackson\module\jackson-module-parameter-names\2.15.0\jackson-module-parameter-names-2.15.0.jar;C:\Users\tiago\.m2\repository\org\springframework\boot\spring-boot-starter-tomcat\3.1.0\spring-boot-starter-tomcat-3.1.0.jar;C:\Users\tiago\.m2\repository\org\apache\tomcat\embed\tomcat-embed-core\10.1.8\tomcat-embed-core-10.1.8.jar;C:\Users\tiago\.m2\repository\org\apache\tomcat\embed\tomcat-embed-el\10.1.8\tomcat-embed-el-10.1.8.jar;C:\Users\tiago\.m2\repository\org\apache\tomcat\embed\tomcat-embed-websocket\10.1.8\tomcat-embed-websocket-10.1.8.jar;C:\Users\tiago\.m2\repository\org\springframework\spring-web\6.0.9\spring-web-6.0.9.jar;C:\Users\tiago\.m2\repository\org\springframework\spring-beans\6.0.9\spring-beans-6.0.9.jar;C:\Users\tiago\.m2\repository\io\micrometer\micrometer-observation\1.11.0\micrometer-observation-1.11.0.jar;C:\Users\tiago\.m2\repository\io\micrometer\micrometer-commons\1.11.0\micrometer-commons-1.11.0.jar;C:\Users\tiago\.m2\repository\org\springframework\spring-webmvc\6.0.9\spring-webmvc-6.0.9.jar;C:\Users\tiago\.m2\repository\org\springframework\spring-aop\6.0.9\spring-aop-6.0.9.jar;C:\Users\tiago\.m2\repository\org\springframework\spring-context\6.0.9\spring-context-6.0.9.jar;C:\Users\tiago\.m2\repository\org\springframework\spring-expression\6.0.9\spring-expression-6.0.9.jar;C:\Users\tiago\.m2\repository\org\springframework\boot\spring-boot-devtools\3.1.0\spring-boot-devtools-3.1.0.jar;C:\Users\tiago\.m2\repository\org\springframework\boot\spring-boot\3.1.0\spring-boot-3.1.0.jar;C:\Users\tiago\.m2\repository\org\springframework\boot\spring-boot-autoconfigure\3.1.0\spring-boot-autoconfigure-3.1.0.jar;C:\Users\tiago\.m2\repository\org\springframework\spring-core\6.0.9\spring-core-6.0.9.jar;C:\Users\tiago\.m2\repository\org\springframework\spring-jcl\6.0.9\spring-jcl-6.0.9.jar
Launcher Type: SUN_STANDARD

[Global flags]
     intx CICompilerCount                          = 4                                         {product} {ergonomic}
     uint ConcGCThreads                            = 3                                         {product} {ergonomic}
     uint G1ConcRefinementThreads                  = 10                                        {product} {ergonomic}
   size_t G1HeapRegionSize                         = 2097152                                   {product} {ergonomic}
    uintx GCDrainStackTargetSize                   = 64                                        {product} {ergonomic}
   size_t InitialHeapSize                          = 268435456                                 {product} {ergonomic}
   size_t MarkStackSize                            = 4194304                                   {product} {ergonomic}
   size_t MaxHeapSize                              = 4282384384                                {product} {ergonomic}
   size_t MaxNewSize                               = 2569011200                                {product} {ergonomic}
   size_t MinHeapDeltaBytes                        = 2097152                                   {product} {ergonomic}
   size_t MinHeapSize                              = 8388608                                   {product} {ergonomic}
    uintx NonNMethodCodeHeapSize                   = 5839372                                {pd product} {ergonomic}
    uintx NonProfiledCodeHeapSize                  = 122909434                              {pd product} {ergonomic}
    uintx ProfiledCodeHeapSize                     = 122909434                              {pd product} {ergonomic}
    uintx ReservedCodeCacheSize                    = 251658240                              {pd product} {ergonomic}
     bool SegmentedCodeCache                       = true                                      {product} {ergonomic}
   size_t SoftMaxHeapSize                          = 4282384384                             {manageable} {ergonomic}
     bool UseCompressedClassPointers               = true                           {product lp64_product} {ergonomic}
     bool UseCompressedOops                        = true                           {product lp64_product} {ergonomic}
     bool UseG1GC                                  = true                                      {product} {ergonomic}
     bool UseLargePagesIndividualAllocation        = false                                  {pd product} {ergonomic}

Logging:
Log output configuration:
 #0: stdout all=warning uptime,level,tags foldmultilines=false
 #1: stderr all=off uptime,level,tags foldmultilines=false

Environment Variables:
JAVA_HOME=C:\Program Files\Java\jdk-18
PATH=C:\Python311\Scripts\;C:\Python311\;C:\Program Files\Common Files\Oracle\Java\javapath;C:\Python39\Scripts\;C:\Python39\;C:\Program Files (x86)\Common Files\Oracle\Java\javapath;C:\Windows\system32;C:\Windows;C:\Windows\System32\Wbem;C:\Windows\System32\WindowsPowerShell\v1.0\;C:\Windows\System32\OpenSSH\;C:\Program Files (x86)\NVIDIA Corporation\PhysX\Common;C:\WINDOWS\system32;C:\WINDOWS;C:\WINDOWS\System32\Wbem;C:\WINDOWS\System32\WindowsPowerShell\v1.0\;C:\WINDOWS\System32\OpenSSH\;C:\Program Files\NVIDIA Corporation\NVIDIA NvDLISR;C:\WINDOWS\system32;C:\WINDOWS;C:\WINDOWS\System32\Wbem;C:\WINDOWS\System32\WindowsPowerShell\v1.0\;C:\WINDOWS\System32\OpenSSH\;D:\FFMPEG;C:\ProgramData\chocolatey\bin;C:\Program Files\Git\cmd;C:\Program Files\SourceGear\Common\DiffMerge\;D:\Program Files\nodejs\;C:\Program Files\apache-maven-3.9.2\bin;C:\Program Files\Java\jdk-18\bin;C:\Program Files\MySQL\MySQL Shell 8.0\bin\;D:\sqlite;D:\Users\tiago\AppData\Local\Programs\Microsoft VS Code\bin;C:\Users\tiago\AppData\Roaming\npm
USERNAME=tiago
OS=Windows_NT
PROCESSOR_IDENTIFIER=AMD64 Family 23 Model 113 Stepping 0, AuthenticAMD



---------------  S Y S T E M  ---------------

OS:
 Windows 10 , 64 bit Build 19041 (10.0.19041.2913)
OS uptime: 3 days 7:34 hours

CPU: total 12 (initial active 12) (12 cores per cpu, 2 threads per core) family 23 model 113 stepping 0 microcode 0x0, cx8, cmov, fxsr, ht, mmx, 3dnowpref, sse, sse2, sse3, ssse3, sse4a, sse4.1, sse4.2, popcnt, lzcnt, tsc, tscinvbit, avx, avx2, aes, clmul, bmi1, bmi2, adx, sha, fma, vzeroupper, clflush, clflushopt

Memory: 4k page, system-wide physical 16328M (3759M free)
TotalPageFile size 23090M (AvailPageFile size 8M)
current process WorkingSet (physical memory assigned to process): 121M, peak: 125M
current process commit charge ("private bytes"): 390M, peak: 394M

vm_info: Java HotSpot(TM) 64-Bit Server VM (18+36-2087) for windows-amd64 JRE (18+36-2087), built on Feb 15 2022 09:43:11 by "mach5one" with MS VC++ 16.8 / 16.9 (VS2019)

END.
